<?xml version="1.0" encoding="UTF-8"?>
<!-- Generated by org.testng.reporters.JUnitXMLReporter -->
<testsuite ignored="2" hostname="DESKTOP-CE4NKRB" failures="0" tests="1" name="Default test" time="30.694" errors="0" timestamp="2024-05-22T22:28:14 IST">
  <testcase classname="com.comcast.crm.orgTest1.CreateOrganizationTest" name="CreateOrganizationIndustriesTest" time="15.392"/>
  <testcase classname="com.comcast.crm.orgTest1.CreateOrganizationTest" name="CreateOrganizationWithPhoneNumberTest" time="0.0">
    <ignored/>
  </testcase> <!-- CreateOrganizationWithPhoneNumberTest -->
  <testcase classname="com.comcast.crm.orgTest1.CreateOrganizationTest" name="createORganizationTest" time="0.0">
    <ignored/>
  </testcase> <!-- createORganizationTest -->
</testsuite> <!-- Default test -->
