<?xml version="1.0" encoding="UTF-8"?>
<!-- Generated by org.testng.reporters.JUnitXMLReporter -->
<testsuite ignored="2" hostname="DESKTOP-CE4NKRB" failures="0" tests="5" name="TestRunner-Firfox" time="175.412" errors="0" timestamp="2024-05-14T17:48:25 IST">
  <testcase classname="com.comcast.crm.orgTest1.CreateOrganizationTest" name="CreateOrganizationIndustriesTest" time="20.238"/>
  <testcase classname="com.comcast.crm.orgTest1.CreateOrganizationTest" name="CreateOrganizationWithPhoneNumberTest" time="17.74"/>
  <testcase classname="com.comcast.crm.orgTest1.CreateOrganizationTest" name="createORganizationTest" time="18.43"/>
  <testcase classname="com.comcast.crm.contactTest1.CreateContactTest" name="createContact" time="19.615"/>
  <testcase classname="com.comcast.crm.contactTest1.CreateContactTest" name="createContactWithSupportDateTest" time="15.596"/>
  <testcase classname="com.crm.baseUtility.BaseClass" name="@AfterSuite configAS" time="0.0">
    <ignored/>
  </testcase> <!-- @AfterSuite configAS -->
  <testcase classname="com.crm.baseUtility.BaseClass" name="@BeforeSuite configBS" time="0.0">
    <ignored/>
  </testcase> <!-- @BeforeSuite configBS -->
</testsuite> <!-- TestRunner-Firfox -->
