<?xml version="1.0" encoding="UTF-8"?>
<!-- Generated by org.testng.reporters.JUnitXMLReporter -->
<testsuite ignored="2" hostname="DESKTOP-CE4NKRB" failures="0" tests="5" name="TestRunner-Chrome" time="165.469" errors="0" timestamp="2024-05-14T17:48:16 IST">
  <testcase classname="com.comcast.crm.orgTest1.CreateOrganizationTest" name="CreateOrganizationIndustriesTest" time="22.923"/>
  <testcase classname="com.comcast.crm.orgTest1.CreateOrganizationTest" name="CreateOrganizationWithPhoneNumberTest" time="19.256"/>
  <testcase classname="com.comcast.crm.orgTest1.CreateOrganizationTest" name="createORganizationTest" time="18.774"/>
  <testcase classname="com.comcast.crm.contactTest1.CreateContactTest" name="createContact" time="21.004"/>
  <testcase classname="com.comcast.crm.contactTest1.CreateContactTest" name="createContactWithSupportDateTest" time="23.85"/>
  <testcase classname="com.crm.baseUtility.BaseClass" name="@BeforeSuite configBS" time="0.0">
    <ignored/>
  </testcase> <!-- @BeforeSuite configBS -->
  <testcase classname="com.crm.baseUtility.BaseClass" name="@AfterSuite configAS" time="0.0">
    <ignored/>
  </testcase> <!-- @AfterSuite configAS -->
</testsuite> <!-- TestRunner-Chrome -->
