<?xml version="1.0" encoding="UTF-8"?>
<!-- Generated by org.testng.reporters.JUnitXMLReporter -->
<testsuite ignored="2" hostname="DESKTOP-CE4NKRB" failures="0" tests="5" name="TestRunner-Edge" time="187.23" errors="0" timestamp="2024-05-14T16:26:04 IST">
  <testcase classname="com.comcast.crm.orgTest1.CreateOrganizationTest" name="CreateOrganizationIndustriesTest" time="20.844"/>
  <testcase classname="com.comcast.crm.orgTest1.CreateOrganizationTest" name="CreateOrganizationWithPhoneNumberTest" time="23.562"/>
  <testcase classname="com.comcast.crm.orgTest1.CreateOrganizationTest" name="createORganizationTest" time="22.135"/>
  <testcase classname="com.comcast.crm.contactTest1.CreateContactTest" name="createContact" time="20.364"/>
  <testcase classname="com.comcast.crm.contactTest1.CreateContactTest" name="createContactWithSupportDateTest" time="20.114"/>
  <testcase classname="com.crm.baseUtility.BaseClass" name="@BeforeSuite configBS" time="0.0">
    <ignored/>
  </testcase> <!-- @BeforeSuite configBS -->
  <testcase classname="com.crm.baseUtility.BaseClass" name="@AfterSuite configAS" time="0.0">
    <ignored/>
  </testcase> <!-- @AfterSuite configAS -->
</testsuite> <!-- TestRunner-Edge -->
