<?xml version="1.0" encoding="UTF-8"?>
<testng-results ignored="0" total="1" passed="1" failed="0" skipped="0">
  <reporter-output>
  </reporter-output>
  <suite started-at="2024-05-22T22:27:44 IST" name="Default suite" finished-at="2024-05-22T22:28:14 IST" duration-ms="30694">
    <groups>
      <group name="regressionTest">
        <method signature="CreateOrganizationTest.CreateOrganizationIndustriesTest()[pri:0, instance:com.comcast.crm.orgTest1.CreateOrganizationTest@217ed35e]" name="CreateOrganizationIndustriesTest" class="com.comcast.crm.orgTest1.CreateOrganizationTest"/>
      </group> <!-- regressionTest -->
    </groups>
    <test started-at="2024-05-22T22:27:44 IST" name="Default test" finished-at="2024-05-22T22:28:14 IST" duration-ms="30694">
      <class name="com.comcast.crm.orgTest1.CreateOrganizationTest">
        <test-method is-config="true" signature="configBS()[pri:0, instance:com.comcast.crm.orgTest1.CreateOrganizationTest@217ed35e]" started-at="2024-05-22T22:27:43 IST" name="configBS" finished-at="2024-05-22T22:27:44 IST" duration-ms="263" status="PASS">
          <reporter-output>
          </reporter-output>
        </test-method> <!-- configBS -->
        <test-method is-config="true" signature="configBC()[pri:0, instance:com.comcast.crm.orgTest1.CreateOrganizationTest@217ed35e]" started-at="2024-05-22T22:27:44 IST" name="configBC" finished-at="2024-05-22T22:27:52 IST" duration-ms="8665" status="PASS">
          <reporter-output>
          </reporter-output>
        </test-method> <!-- configBC -->
        <test-method is-config="true" signature="createConfig()[pri:0, instance:com.comcast.crm.orgTest1.CreateOrganizationTest@217ed35e]" started-at="2024-05-22T22:27:52 IST" name="createConfig" finished-at="2024-05-22T22:27:57 IST" duration-ms="4441" status="PASS">
          <reporter-output>
          </reporter-output>
        </test-method> <!-- createConfig -->
        <test-method signature="CreateOrganizationIndustriesTest()[pri:0, instance:com.comcast.crm.orgTest1.CreateOrganizationTest@217ed35e]" started-at="2024-05-22T22:27:57 IST" name="CreateOrganizationIndustriesTest" finished-at="2024-05-22T22:28:12 IST" duration-ms="15392" status="PASS">
          <reporter-output>
          </reporter-output>
        </test-method> <!-- CreateOrganizationIndustriesTest -->
        <test-method is-config="true" signature="createAM()[pri:0, instance:com.comcast.crm.orgTest1.CreateOrganizationTest@217ed35e]" started-at="2024-05-22T22:28:12 IST" name="createAM" finished-at="2024-05-22T22:28:14 IST" duration-ms="1727" status="PASS">
          <reporter-output>
          </reporter-output>
        </test-method> <!-- createAM -->
        <test-method is-config="true" signature="configAC()[pri:0, instance:com.comcast.crm.orgTest1.CreateOrganizationTest@217ed35e]" started-at="2024-05-22T22:28:14 IST" name="configAC" finished-at="2024-05-22T22:28:14 IST" duration-ms="358" status="PASS">
          <reporter-output>
          </reporter-output>
        </test-method> <!-- configAC -->
        <test-method is-config="true" signature="configAS()[pri:0, instance:com.comcast.crm.orgTest1.CreateOrganizationTest@217ed35e]" started-at="2024-05-22T22:28:14 IST" name="configAS" finished-at="2024-05-22T22:28:14 IST" duration-ms="1" status="PASS">
          <reporter-output>
          </reporter-output>
        </test-method> <!-- configAS -->
      </class> <!-- com.comcast.crm.orgTest1.CreateOrganizationTest -->
    </test> <!-- Default test -->
  </suite> <!-- Default suite -->
</testng-results>
